<?xml version="1.0" encoding="UTF-8"?>
<!-- Generated by org.testng.reporters.JUnitXMLReporter -->
<testsuite ignored="0" hostname="DESKTOP-9BJ4JH8" failures="0" tests="4" name="Default test" time="0.074" errors="0" timestamp="2023-11-16T23:38:03 NZDT">
  <testcase classname="com.Excel.LoginData" name="testReadExcelData" time="0.007"/>
  <testcase classname="com.Excel.LoginData" name="testReadExcelData" time="0.002"/>
  <testcase classname="com.Excel.LoginData" name="testReadExcelData" time="0.001"/>
  <testcase classname="com.Excel.LoginData" name="testReadExcelData" time="0.001"/>
</testsuite> <!-- Default test -->
