<?xml version="1.0" encoding="UTF-8"?>
<testsuite name="Test"
           tests="4"
           failures="0"
           errors="0"
           skipped="4"
           time="0.000">
  <properties />
  
            <testcase name="testReadExcelData" time="0.0" classname="com.Reporting.LoginData">
          <skipped />
    </testcase>
            <testcase name="testReadExcelData" time="0.0" classname="com.Reporting.LoginData">
          <skipped />
    </testcase>
            <testcase name="testReadExcelData" time="0.0" classname="com.Reporting.LoginData">
          <skipped />
    </testcase>
            <testcase name="testReadExcelData" time="0.0" classname="com.Reporting.LoginData">
          <skipped />
    </testcase>
  
  
</testsuite>
