<?xml version="1.0" encoding="UTF-8"?>
<!-- Generated by org.testng.reporters.JUnitXMLReporter -->
<testsuite ignored="1" hostname="DESKTOP-9BJ4JH8" failures="1" tests="5" name="Extent Report Test" time="0.338" errors="0" timestamp="2023-11-13T22:19:34 NZDT">
  <testcase classname="com.swiggy.SwiggyAssignmentDuleeka.BasicExtentReport" name="testCase1" time="0.012"/>
  <testcase classname="com.swiggy.SwiggyAssignmentDuleeka.BasicExtentReport" name="testCase2" time="0.001"/>
  <testcase classname="com.swiggy.SwiggyAssignmentDuleeka.BasicExtentReport" name="testCase3" time="0.001"/>
  <testcase classname="com.swiggy.SwiggyAssignmentDuleeka.BasicExtentReport" name="testCase4" time="0.004">
    <failure type="java.lang.AssertionError" message="expected [true] but found [false]">
      <![CDATA[java.lang.AssertionError: expected [true] but found [false]
at com.swiggy.SwiggyAssignmentDuleeka.BasicExtentReport.testCase4(BasicExtentReport.java:79)
at java.base/java.util.ArrayList.forEach(ArrayList.java:1511)
... Removed 29 stack frames]]>
    </failure>
  </testcase> <!-- testCase4 -->
  <testcase classname="com.swiggy.SwiggyAssignmentDuleeka.BasicExtentReport" name="testCase5" time="0.002">
    <skipped/>
  </testcase> <!-- testCase5 -->
  <testcase classname="com.swiggy.SwiggyAssignmentDuleeka.BasicExtentReport" name="testCase6" time="0.0">
    <ignored/>
  </testcase> <!-- testCase6 -->
</testsuite> <!-- Extent Report Test -->
