<?xml version="1.0" encoding="UTF-8"?>
<!-- Generated by org.testng.reporters.JUnitXMLReporter -->
<testsuite ignored="0" hostname="DESKTOP-9BJ4JH8" failures="1" tests="9" name="TestReportOne" time="23.37" errors="0" timestamp="2023-10-29T18:01:30 NZDT">
  <testcase classname="test.Reporting.ReportNG.WebElementTesting" name="VerifyRadioButton" time="1.269"/>
  <testcase classname="test.Reporting.ReportNG.WebElementTesting" name="VerifyCheckbox" time="1.234"/>
  <testcase classname="test.Reporting.ReportNG.WebElementTesting" name="VerifyTitle" time="7.08">
    <failure type="java.lang.AssertionError" message="null">
      <![CDATA[java.lang.AssertionError: null
at test.Reporting.ReportNG.WebElementTesting.VerifyTitle(WebElementTesting.java:50)
at java.base/java.util.ArrayList.forEach(ArrayList.java:1511)
... Removed 27 stack frames]]>
    </failure>
  </testcase> <!-- VerifyTitle -->
  <testcase classname="test.Reporting.ReportNG.WebElementTesting" name="VerifyHomePage" time="0.009"/>
  <testcase classname="test.Reporting.ReportNG.WebElementTesting" name="SkipTest" time="0.002">
    <skipped/>
  </testcase> <!-- SkipTest -->
  <testcase classname="test.Reporting.ReportNG.LoginData" name="testReadExcelData" time="0.003"/>
  <testcase classname="test.Reporting.ReportNG.LoginData" name="testReadExcelData" time="0.001"/>
  <testcase classname="test.Reporting.ReportNG.LoginData" name="testReadExcelData" time="0.001"/>
  <testcase classname="test.Reporting.ReportNG.LoginData" name="testReadExcelData" time="0.001"/>
</testsuite> <!-- TestReportOne -->
