-------------------------------------------------------------------------------
Test set: TestSuite
-------------------------------------------------------------------------------
Tests run: 5, Failures: 1, Errors: 0, Skipped: 1, Time elapsed: 0.743 s <<< FAILURE! - in TestSuite
TestCase4(com.swiggy.SwiggyAssignmentDuleeka.AdvanceExtentReport)  Time elapsed: 0.008 s  <<< FAILURE!
java.lang.AssertionError: expected [true] but found [false]
	at com.swiggy.SwiggyAssignmentDuleeka.AdvanceExtentReport.TestCase4(AdvanceExtentReport.java:33)

