<?xml version="1.0" encoding="UTF-8"?>
<testng-results ignored="0" total="1" passed="1" failed="0" skipped="0">
  <reporter-output>
  </reporter-output>
  <suite started-at="2023-11-16T21:52:09 NZDT" name="Suite" finished-at="2023-11-16T21:52:09 NZDT" duration-ms="49">
    <groups>
    </groups>
    <test started-at="2023-11-16T21:52:09 NZDT" name="Test" finished-at="2023-11-16T21:52:09 NZDT" duration-ms="49">
      <class name="com.swiggy.SwiggyAssignmentDuleeka.SwiggyTest">
        <test-method signature="sampleTest()[pri:0, instance:com.swiggy.SwiggyAssignmentDuleeka.SwiggyTest@35cabb2a]" started-at="2023-11-16T21:52:09 NZDT" name="sampleTest" finished-at="2023-11-16T21:52:09 NZDT" duration-ms="11" status="PASS">
          <reporter-output>
          </reporter-output>
        </test-method> <!-- sampleTest -->
      </class> <!-- com.swiggy.SwiggyAssignmentDuleeka.SwiggyTest -->
    </test> <!-- Test -->
  </suite> <!-- Suite -->
</testng-results>
