<?xml version="1.0" encoding="UTF-8"?>
<testng-results ignored="0" total="4" passed="4" failed="0" skipped="0">
  <reporter-output>
  </reporter-output>
  <suite started-at="2023-11-16T23:38:03 NZDT" name="Default suite" finished-at="2023-11-16T23:38:03 NZDT" duration-ms="74">
    <groups>
    </groups>
    <test started-at="2023-11-16T23:38:03 NZDT" name="Default test" finished-at="2023-11-16T23:38:03 NZDT" duration-ms="74">
      <class name="com.Excel.LoginData">
        <test-method signature="testReadExcelData(java.lang.String,java.lang.String,java.lang.String)[pri:0, instance:com.Excel.LoginData@32c4e8b2]" started-at="2023-11-16T23:38:03 NZDT" name="testReadExcelData" data-provider="browserdata" finished-at="2023-11-16T23:38:03 NZDT" duration-ms="7" status="PASS">
          <params>
            <param index="0">
              <value>
                <![CDATA[Raman]]>
              </value>
            </param>
            <param index="1">
              <value>
                <![CDATA[Arora]]>
              </value>
            </param>
            <param index="2">
              <value>
                <![CDATA[A234wd]]>
              </value>
            </param>
          </params>
          <reporter-output>
          </reporter-output>
        </test-method> <!-- testReadExcelData -->
        <test-method signature="testReadExcelData(java.lang.String,java.lang.String,java.lang.String)[pri:0, instance:com.Excel.LoginData@32c4e8b2]" started-at="2023-11-16T23:38:03 NZDT" name="testReadExcelData" data-provider="browserdata" finished-at="2023-11-16T23:38:03 NZDT" duration-ms="2" status="PASS">
          <params>
            <param index="0">
              <value>
                <![CDATA[Rahul]]>
              </value>
            </param>
            <param index="1">
              <value>
                <![CDATA[Arora]]>
              </value>
            </param>
            <param index="2">
              <value>
                <![CDATA[A234wd]]>
              </value>
            </param>
          </params>
          <reporter-output>
          </reporter-output>
        </test-method> <!-- testReadExcelData -->
        <test-method signature="testReadExcelData(java.lang.String,java.lang.String,java.lang.String)[pri:0, instance:com.Excel.LoginData@32c4e8b2]" started-at="2023-11-16T23:38:03 NZDT" name="testReadExcelData" data-provider="browserdata" finished-at="2023-11-16T23:38:03 NZDT" duration-ms="1" status="PASS">
          <params>
            <param index="0">
              <value>
                <![CDATA[Ishita]]>
              </value>
            </param>
            <param index="1">
              <value>
                <![CDATA[Arora]]>
              </value>
            </param>
            <param index="2">
              <value>
                <![CDATA[A234wd]]>
              </value>
            </param>
          </params>
          <reporter-output>
          </reporter-output>
        </test-method> <!-- testReadExcelData -->
        <test-method signature="testReadExcelData(java.lang.String,java.lang.String,java.lang.String)[pri:0, instance:com.Excel.LoginData@32c4e8b2]" started-at="2023-11-16T23:38:03 NZDT" name="testReadExcelData" data-provider="browserdata" finished-at="2023-11-16T23:38:03 NZDT" duration-ms="1" status="PASS">
          <params>
            <param index="0">
              <value>
                <![CDATA[Rohit]]>
              </value>
            </param>
            <param index="1">
              <value>
                <![CDATA[Sehgal]]>
              </value>
            </param>
            <param index="2">
              <value>
                <![CDATA[A234wd]]>
              </value>
            </param>
          </params>
          <reporter-output>
          </reporter-output>
        </test-method> <!-- testReadExcelData -->
      </class> <!-- com.Excel.LoginData -->
    </test> <!-- Default test -->
  </suite> <!-- Default suite -->
</testng-results>
